<?xml version="1.0" encoding="UTF-8"?>
<testng-results ignored="1" total="7" passed="5" failed="1" skipped="0">
  <reporter-output>
  </reporter-output>
  <suite started-at="2025-07-31T20:32:05 IST" name="Suite" finished-at="2025-07-31T20:32:05 IST" duration-ms="166">
    <groups>
    </groups>
    <test started-at="2025-07-31T20:32:05 IST" name="intro" finished-at="2025-07-31T20:32:05 IST" duration-ms="166">
      <class name="basics.Test1">
        <test-method signature="giri()[pri:0, instance:basics.Test1@4550bb58]" started-at="2025-07-31T20:32:05 IST" name="giri" finished-at="2025-07-31T20:32:05 IST" duration-ms="26" status="FAIL">
          <exception class="java.lang.AssertionError">
            <message>
              <![CDATA[expected [true] but found [false]]]>
            </message>
            <full-stacktrace>
              <![CDATA[java.lang.AssertionError: expected [true] but found [false]
at org.testng.Assert.fail(Assert.java:111)
at org.testng.Assert.failNotEquals(Assert.java:1590)
at org.testng.Assert.assertTrue(Assert.java:57)
at org.testng.Assert.assertTrue(Assert.java:67)
at basics.Test1.giri(Test1.java:39)
at java.base/jdk.internal.reflect.DirectMethodHandleAccessor.invoke(DirectMethodHandleAccessor.java:104)
at java.base/java.lang.reflect.Method.invoke(Method.java:578)
at org.testng.internal.invokers.MethodInvocationHelper.invokeMethod(MethodInvocationHelper.java:141)
at org.testng.internal.invokers.TestInvoker.invokeMethod(TestInvoker.java:687)
at org.testng.internal.invokers.TestInvoker.invokeTestMethod(TestInvoker.java:230)
at org.testng.internal.invokers.MethodRunner.runInSequence(MethodRunner.java:63)
at org.testng.internal.invokers.TestInvoker$MethodInvocationAgent.invoke(TestInvoker.java:995)
at org.testng.internal.invokers.TestInvoker.invokeTestMethods(TestInvoker.java:203)
at org.testng.internal.invokers.TestMethodWorker.invokeTestMethods(TestMethodWorker.java:154)
at org.testng.internal.invokers.TestMethodWorker.run(TestMethodWorker.java:134)
at java.base/java.util.ArrayList.forEach(ArrayList.java:1511)
at org.testng.TestRunner.privateRun(TestRunner.java:741)
at org.testng.TestRunner.run(TestRunner.java:616)
at org.testng.SuiteRunner.runTest(SuiteRunner.java:421)
at org.testng.SuiteRunner$SuiteWorker.run(SuiteRunner.java:463)
at org.testng.internal.thread.ThreadUtil.lambda$execute$0(ThreadUtil.java:64)
at java.base/java.util.concurrent.FutureTask.run(FutureTask.java:317)
at java.base/java.util.concurrent.ThreadPoolExecutor.runWorker(ThreadPoolExecutor.java:1144)
at java.base/java.util.concurrent.ThreadPoolExecutor$Worker.run(ThreadPoolExecutor.java:642)
at java.base/java.lang.Thread.run(Thread.java:1589)
]]>
            </full-stacktrace>
          </exception> <!-- java.lang.AssertionError -->
          <reporter-output>
          </reporter-output>
        </test-method> <!-- giri -->
        <test-method signature="sumi()[pri:0, instance:basics.Test1@4550bb58]" started-at="2025-07-31T20:32:05 IST" name="sumi" finished-at="2025-07-31T20:32:05 IST" duration-ms="8" status="PASS">
          <reporter-output>
          </reporter-output>
        </test-method> <!-- sumi -->
        <test-method signature="kiyansh(java.lang.String,java.lang.String)[pri:0, instance:basics.Test1@4550bb58]" started-at="2025-07-31T20:32:05 IST" name="kiyansh" data-provider="data" finished-at="2025-07-31T20:32:05 IST" duration-ms="8" status="PASS">
          <params>
            <param index="0">
              <value>
                <![CDATA[nisha@gmail.com]]>
              </value>
            </param>
            <param index="1">
              <value>
                <![CDATA[N@1107]]>
              </value>
            </param>
          </params>
          <reporter-output>
          </reporter-output>
        </test-method> <!-- kiyansh -->
        <test-method signature="kiyansh(java.lang.String,java.lang.String)[pri:0, instance:basics.Test1@4550bb58]" started-at="2025-07-31T20:32:05 IST" name="kiyansh" data-provider="data" finished-at="2025-07-31T20:32:05 IST" duration-ms="6" status="PASS">
          <params>
            <param index="0">
              <value>
                <![CDATA[ayyi@gmail.com]]>
              </value>
            </param>
            <param index="1">
              <value>
                <![CDATA[A@1110]]>
              </value>
            </param>
          </params>
          <reporter-output>
          </reporter-output>
        </test-method> <!-- kiyansh -->
        <test-method signature="kiyansh(java.lang.String,java.lang.String)[pri:0, instance:basics.Test1@4550bb58]" started-at="2025-07-31T20:32:05 IST" name="kiyansh" data-provider="data" finished-at="2025-07-31T20:32:05 IST" duration-ms="3" status="PASS">
          <params>
            <param index="0">
              <value>
                <![CDATA[kiyansh@gmail.com]]>
              </value>
            </param>
            <param index="1">
              <value>
                <![CDATA[K@0404]]>
              </value>
            </param>
          </params>
          <reporter-output>
          </reporter-output>
        </test-method> <!-- kiyansh -->
        <test-method signature="rama()[pri:0, instance:basics.Test1@4550bb58]" started-at="2025-07-31T20:32:05 IST" name="rama" finished-at="2025-07-31T20:32:05 IST" depends-on-methods="basics.Test1.sumi" duration-ms="2" status="PASS">
          <reporter-output>
          </reporter-output>
        </test-method> <!-- rama -->
      </class> <!-- basics.Test1 -->
    </test> <!-- intro -->
  </suite> <!-- Suite -->
</testng-results>
